 
****************************************
Report : area
Design : SYNDROME_CHECK
Version: Q-2019.12-SP5-5
Date   : Thu Apr  6 23:34:23 2023
****************************************

Library(s) Used:

    um28nchllogl35hsl140f_ssgwc0p9v125c (File: /media/0/LogicLibraries/UMC/28nm/35hs/hsl/lvt/latest/liberty/logic_synth/um28nchllogl35hsl140f_ssgwc0p9v125c.db)

Number of ports:                           97
Number of nets:                           276
Number of cells:                          196
Number of combinational cells:            196
Number of sequential cells:                 0
Number of macros/black boxes:               0
Number of buf/inv:                          8
Number of references:                      21

Combinational area:                424.367994
Buf/Inv area:                        2.688000
Noncombinational area:               0.000000
Macro/Black Box area:                0.000000
Net Interconnect area:      undefined  (Wire load has zero net area)

Total cell area:                   424.367994
Total area:                 undefined

The above information was reported from the logical library. The following are from the physical library:

Hierarchical area distribution
------------------------------

                                  Global cell area          Local cell area
                                  ------------------  --------------------------- 
Hierarchical cell                 Absolute   Percent  Combi-    Noncombi-  Black-
                                  Total      Total    national  national   boxes   Design
--------------------------------  ---------  -------  --------  ---------  ------  ---------
SYNDROME_CHECK                     424.3680    100.0  424.3680     0.0000  0.0000  SYNDROME_CHECK
--------------------------------  ---------  -------  --------  ---------  ------  ---------
Total                                                 424.3680     0.0000  0.0000

1
