 
****************************************
Report : hierarchy
        -full
Design : SYNDROME_CHECK
Version: Q-2019.12-SP5-5
Date   : Thu Apr  6 23:34:23 2023
****************************************

SYNDROME_CHECK
    STQ_EN2_4              um28nchllogl35hsl140f_ssgwc0p9v125c
    STQ_EN2_6              um28nchllogl35hsl140f_ssgwc0p9v125c
    STQ_EN2_8              um28nchllogl35hsl140f_ssgwc0p9v125c
    STQ_EN2_S_1            um28nchllogl35hsl140f_ssgwc0p9v125c
    STQ_EN2_S_2            um28nchllogl35hsl140f_ssgwc0p9v125c
    STQ_EN3_1              um28nchllogl35hsl140f_ssgwc0p9v125c
    STQ_EN3_3              um28nchllogl35hsl140f_ssgwc0p9v125c
    STQ_EO2_1              um28nchllogl35hsl140f_ssgwc0p9v125c
    STQ_EO2_S_2            um28nchllogl35hsl140f_ssgwc0p9v125c
    STQ_EO2_S_4            um28nchllogl35hsl140f_ssgwc0p9v125c
    STQ_EO3_0P5            um28nchllogl35hsl140f_ssgwc0p9v125c
    STQ_EO3_1              um28nchllogl35hsl140f_ssgwc0p9v125c
    STQ_EO3_2              um28nchllogl35hsl140f_ssgwc0p9v125c
    STQ_EO3_3              um28nchllogl35hsl140f_ssgwc0p9v125c
    STQ_INV_S_0P65         um28nchllogl35hsl140f_ssgwc0p9v125c
    STQ_INV_S_1            um28nchllogl35hsl140f_ssgwc0p9v125c
    STQ_ND4_MM_1           um28nchllogl35hsl140f_ssgwc0p9v125c
    STQ_NR3B_MG_2          um28nchllogl35hsl140f_ssgwc0p9v125c
    STQ_NR4_1              um28nchllogl35hsl140f_ssgwc0p9v125c
    STQ_NR4_2              um28nchllogl35hsl140f_ssgwc0p9v125c
    STQ_OR2_2              um28nchllogl35hsl140f_ssgwc0p9v125c
1
