 
****************************************
Report : qor
Design : SYNDROME_CHECK
Version: Q-2019.12-SP5-5
Date   : Thu Apr  6 23:34:23 2023
****************************************


  Timing Path Group 'vclk'
  -----------------------------------
  Levels of Logic:               5.00
  Critical Path Length:          0.25
  Critical Path Slack:           0.00
  Critical Path Clk Period:      0.25
  Total Negative Slack:          0.00
  No. of Violating Paths:        0.00
  Worst Hold Violation:          0.00
  Total Hold Violation:          0.00
  No. of Hold Violations:        0.00
  -----------------------------------


  Cell Count
  -----------------------------------
  Hierarchical Cell Count:          0
  Hierarchical Port Count:          0
  Leaf Cell Count:                196
  Buf/Inv Cell Count:               8
  Buf Cell Count:                   0
  Inv Cell Count:                   8
  CT Buf/Inv Cell Count:            0
  Combinational Cell Count:       196
  Sequential Cell Count:            0
  Macro Count:                      0
  -----------------------------------


  Area
  -----------------------------------
  Combinational Area:      424.367994
  Noncombinational Area:     0.000000
  Buf/Inv Area:              2.688000
  Total Buffer Area:             0.00
  Total Inverter Area:           2.69
  Macro/Black Box Area:      0.000000
  Net Area:                  0.000000
  -----------------------------------
  Cell Area:               424.367994
  Design Area:             424.367994


  Design Rules
  -----------------------------------
  Total Number of Nets:           276
  Nets With Violations:             0
  Max Trans Violations:             0
  Max Cap Violations:               0
  -----------------------------------


  Hostname: exa01

  Compile CPU Statistics
  -----------------------------------------
  Resource Sharing:                    0.02
  Logic Optimization:                  0.65
  Mapping Optimization:                2.65
  -----------------------------------------
  Overall Compile Time:               21.21
  Overall Compile Wall Clock Time:    21.54

  --------------------------------------------------------------------

  Design  WNS: 0.00  TNS: 0.00  Number of Violating Paths: 0


  Design (Hold)  WNS: 0.00  TNS: 0.00  Number of Violating Paths: 0

  --------------------------------------------------------------------


1
