 
****************************************
Report : area
Design : UNITY_DECODER
Version: Q-2019.12-SP5-5
Date   : Thu Apr  6 13:16:20 2023
****************************************

Library(s) Used:

    um28nchllogl35hsl140f_ssgwc0p9v125c (File: /media/0/LogicLibraries/UMC/28nm/35hs/hsl/lvt/latest/liberty/logic_synth/um28nchllogl35hsl140f_ssgwc0p9v125c.db)

Number of ports:                          306
Number of nets:                         12347
Number of cells:                        12117
Number of combinational cells:          12100
Number of sequential cells:                16
Number of macros/black boxes:               0
Number of buf/inv:                       2130
Number of references:                     282

Combinational area:              10114.271932
Buf/Inv area:                     1109.975989
Noncombinational area:              21.504000
Macro/Black Box area:                0.000000
Net Interconnect area:      undefined  (Wire load has zero net area)

Total cell area:                 10135.775932
Total area:                 undefined

The above information was reported from the logical library. The following are from the physical library:

Hierarchical area distribution
------------------------------

                                  Global cell area            Local cell area
                                  -------------------  ----------------------------- 
Hierarchical cell                 Absolute    Percent  Combi-      Noncombi-  Black-
                                  Total       Total    national    national   boxes   Design
--------------------------------  ----------  -------  ----------  ---------  ------  ------------
UNITY_DECODER                     10135.7759    100.0   4903.9200    21.5040  0.0000  UNITY_DECODER
de_corrector                       5210.3520     51.4   5210.3520     0.0000  0.0000  DE_CORRECTOR
--------------------------------  ----------  -------  ----------  ---------  ------  ------------
Total                                                  10114.2719    21.5040  0.0000

1
