 
****************************************
Report : hierarchy
        -full
Design : UNITY_DECODER
Version: Q-2019.12-SP5-5
Date   : Thu Apr  6 13:16:20 2023
****************************************

Attributes:
    r - licensed design

UNITY_DECODER      r
    DE_CORRECTOR
        STQ_AN2_1                um28nchllogl35hsl140f_ssgwc0p9v125c
        STQ_AN2_S_0P5            um28nchllogl35hsl140f_ssgwc0p9v125c
        STQ_AN3B_0P5             um28nchllogl35hsl140f_ssgwc0p9v125c
        STQ_AN3B_1               um28nchllogl35hsl140f_ssgwc0p9v125c
        STQ_AN3_0P5              um28nchllogl35hsl140f_ssgwc0p9v125c
        STQ_AN4B_0P5             um28nchllogl35hsl140f_ssgwc0p9v125c
        STQ_AN4B_1               um28nchllogl35hsl140f_ssgwc0p9v125c
        STQ_AO2BB2_0P5           um28nchllogl35hsl140f_ssgwc0p9v125c
        STQ_AO21B_1              um28nchllogl35hsl140f_ssgwc0p9v125c
        STQ_AO21_1               um28nchllogl35hsl140f_ssgwc0p9v125c
        STQ_AOAI211_0P75         um28nchllogl35hsl140f_ssgwc0p9v125c
        STQ_AOAI211_1            um28nchllogl35hsl140f_ssgwc0p9v125c
        STQ_AOI21_0P75           um28nchllogl35hsl140f_ssgwc0p9v125c
        STQ_AOI21_1              um28nchllogl35hsl140f_ssgwc0p9v125c
        STQ_AOI31_0P5            um28nchllogl35hsl140f_ssgwc0p9v125c
        STQ_AOI31_1              um28nchllogl35hsl140f_ssgwc0p9v125c
        STQ_AOI211_0P75          um28nchllogl35hsl140f_ssgwc0p9v125c
        STQ_INV_1P5              um28nchllogl35hsl140f_ssgwc0p9v125c
        STQ_INV_2                um28nchllogl35hsl140f_ssgwc0p9v125c
        STQ_INV_3                um28nchllogl35hsl140f_ssgwc0p9v125c
        STQ_INV_S_0P65           um28nchllogl35hsl140f_ssgwc0p9v125c
        STQ_INV_S_1              um28nchllogl35hsl140f_ssgwc0p9v125c
        STQ_ND2B_1               um28nchllogl35hsl140f_ssgwc0p9v125c
        STQ_ND2B_2               um28nchllogl35hsl140f_ssgwc0p9v125c
        STQ_ND2B_MM_1            um28nchllogl35hsl140f_ssgwc0p9v125c
        STQ_ND2B_V1DG_1          um28nchllogl35hsl140f_ssgwc0p9v125c
        STQ_ND2B_V1DG_2          um28nchllogl35hsl140f_ssgwc0p9v125c
        STQ_ND2_G_1              um28nchllogl35hsl140f_ssgwc0p9v125c
        STQ_ND2_G_2              um28nchllogl35hsl140f_ssgwc0p9v125c
        STQ_ND2_G_3              um28nchllogl35hsl140f_ssgwc0p9v125c
        STQ_ND2_S_0P8            um28nchllogl35hsl140f_ssgwc0p9v125c
        STQ_ND2_S_1              um28nchllogl35hsl140f_ssgwc0p9v125c
        STQ_ND3B_0P5             um28nchllogl35hsl140f_ssgwc0p9v125c
        STQ_ND3B_1               um28nchllogl35hsl140f_ssgwc0p9v125c
        STQ_ND3B_V1DG_1          um28nchllogl35hsl140f_ssgwc0p9v125c
        STQ_ND3_0P5              um28nchllogl35hsl140f_ssgwc0p9v125c
        STQ_ND3_1                um28nchllogl35hsl140f_ssgwc0p9v125c
        STQ_ND3_2                um28nchllogl35hsl140f_ssgwc0p9v125c
        STQ_ND4BB_0P5            um28nchllogl35hsl140f_ssgwc0p9v125c
        STQ_ND4B_1               um28nchllogl35hsl140f_ssgwc0p9v125c
        STQ_ND4_0P5              um28nchllogl35hsl140f_ssgwc0p9v125c
        STQ_ND4_1                um28nchllogl35hsl140f_ssgwc0p9v125c
        STQ_ND4_MM_1             um28nchllogl35hsl140f_ssgwc0p9v125c
        STQ_ND4_MM_1P5           um28nchllogl35hsl140f_ssgwc0p9v125c
        STQ_NR2B_1               um28nchllogl35hsl140f_ssgwc0p9v125c
        STQ_NR2B_2               um28nchllogl35hsl140f_ssgwc0p9v125c
        STQ_NR2B_V1DG_1          um28nchllogl35hsl140f_ssgwc0p9v125c
        STQ_NR2_1                um28nchllogl35hsl140f_ssgwc0p9v125c
        STQ_NR2_1P5              um28nchllogl35hsl140f_ssgwc0p9v125c
        STQ_NR2_2                um28nchllogl35hsl140f_ssgwc0p9v125c
        STQ_NR2_3                um28nchllogl35hsl140f_ssgwc0p9v125c
        STQ_NR2_G_0P5            um28nchllogl35hsl140f_ssgwc0p9v125c
        STQ_NR2_G_0P8            um28nchllogl35hsl140f_ssgwc0p9v125c
        STQ_NR3_G_0P8            um28nchllogl35hsl140f_ssgwc0p9v125c
        STQ_NR3_G_0P65           um28nchllogl35hsl140f_ssgwc0p9v125c
        STQ_NR3_G_1              um28nchllogl35hsl140f_ssgwc0p9v125c
        STQ_NR3_G_2              um28nchllogl35hsl140f_ssgwc0p9v125c
        STQ_NR4BB_0P5            um28nchllogl35hsl140f_ssgwc0p9v125c
        STQ_NR4BB_0P75           um28nchllogl35hsl140f_ssgwc0p9v125c
        STQ_NR4B_1               um28nchllogl35hsl140f_ssgwc0p9v125c
        STQ_NR4_0P5              um28nchllogl35hsl140f_ssgwc0p9v125c
        STQ_NR4_1                um28nchllogl35hsl140f_ssgwc0p9v125c
        STQ_OA21B_0P5            um28nchllogl35hsl140f_ssgwc0p9v125c
        STQ_OA21B_1              um28nchllogl35hsl140f_ssgwc0p9v125c
        STQ_OAI21B_0P5           um28nchllogl35hsl140f_ssgwc0p9v125c
        STQ_OAI21_0P5            um28nchllogl35hsl140f_ssgwc0p9v125c
        STQ_OAI21_0P75           um28nchllogl35hsl140f_ssgwc0p9v125c
        STQ_OAI21_1              um28nchllogl35hsl140f_ssgwc0p9v125c
        STQ_OAI31_G_0P5          um28nchllogl35hsl140f_ssgwc0p9v125c
        STQ_OAI31_G_0P75         um28nchllogl35hsl140f_ssgwc0p9v125c
        STQ_OAI31_G_1            um28nchllogl35hsl140f_ssgwc0p9v125c
        STQ_OAOI211_0P5          um28nchllogl35hsl140f_ssgwc0p9v125c
        STQ_OR2_1                um28nchllogl35hsl140f_ssgwc0p9v125c
        STQ_OR3B_0P5             um28nchllogl35hsl140f_ssgwc0p9v125c
        STQ_OR3B_1               um28nchllogl35hsl140f_ssgwc0p9v125c
        STQ_OR3B_2               um28nchllogl35hsl140f_ssgwc0p9v125c
        STQ_OR3_1                um28nchllogl35hsl140f_ssgwc0p9v125c
        STQ_OR3_L_1              um28nchllogl35hsl140f_ssgwc0p9v125c
        STQ_OR4B_1               um28nchllogl35hsl140f_ssgwc0p9v125c
        STQ_OR4B_2               um28nchllogl35hsl140f_ssgwc0p9v125c
        STQ_OR4_1                um28nchllogl35hsl140f_ssgwc0p9v125c
    STQ_ADDF_V1_0P5              um28nchllogl35hsl140f_ssgwc0p9v125c
    STQ_AN2_1                    um28nchllogl35hsl140f_ssgwc0p9v125c
    STQ_AN2_2                    um28nchllogl35hsl140f_ssgwc0p9v125c
    STQ_AN2_3                    um28nchllogl35hsl140f_ssgwc0p9v125c
    STQ_AN2_4                    um28nchllogl35hsl140f_ssgwc0p9v125c
    STQ_AN2_6                    um28nchllogl35hsl140f_ssgwc0p9v125c
    STQ_AN2_7                    um28nchllogl35hsl140f_ssgwc0p9v125c
    STQ_AN2_12                   um28nchllogl35hsl140f_ssgwc0p9v125c
    STQ_AN2_16                   um28nchllogl35hsl140f_ssgwc0p9v125c
    STQ_AN2_S_0P5                um28nchllogl35hsl140f_ssgwc0p9v125c
    STQ_AN2_S_2                  um28nchllogl35hsl140f_ssgwc0p9v125c
    STQ_AN2_S_4                  um28nchllogl35hsl140f_ssgwc0p9v125c
    STQ_AN3B_0P5                 um28nchllogl35hsl140f_ssgwc0p9v125c
    STQ_AN3B_2                   um28nchllogl35hsl140f_ssgwc0p9v125c
    STQ_AN3B_3                   um28nchllogl35hsl140f_ssgwc0p9v125c
    STQ_AN3B_4                   um28nchllogl35hsl140f_ssgwc0p9v125c
    STQ_AN3B_8                   um28nchllogl35hsl140f_ssgwc0p9v125c
    STQ_AN3_2                    um28nchllogl35hsl140f_ssgwc0p9v125c
    STQ_AN4B_0P5                 um28nchllogl35hsl140f_ssgwc0p9v125c
    STQ_AN4B_1                   um28nchllogl35hsl140f_ssgwc0p9v125c
    STQ_AN4B_4                   um28nchllogl35hsl140f_ssgwc0p9v125c
    STQ_AN4B_8                   um28nchllogl35hsl140f_ssgwc0p9v125c
    STQ_AN6_4                    um28nchllogl35hsl140f_ssgwc0p9v125c
    STQ_AO2BB2_0P5               um28nchllogl35hsl140f_ssgwc0p9v125c
    STQ_AO2BB2_8                 um28nchllogl35hsl140f_ssgwc0p9v125c
    STQ_AO21B_6                  um28nchllogl35hsl140f_ssgwc0p9v125c
    STQ_AO21_2                   um28nchllogl35hsl140f_ssgwc0p9v125c
    STQ_AO21_4                   um28nchllogl35hsl140f_ssgwc0p9v125c
    STQ_AO211_1                  um28nchllogl35hsl140f_ssgwc0p9v125c
    STQ_AOAI211_0P75             um28nchllogl35hsl140f_ssgwc0p9v125c
    STQ_AOAI211_2                um28nchllogl35hsl140f_ssgwc0p9v125c
    STQ_AOI21B_2                 um28nchllogl35hsl140f_ssgwc0p9v125c
    STQ_AOI21B_4                 um28nchllogl35hsl140f_ssgwc0p9v125c
    STQ_AOI21_0P75               um28nchllogl35hsl140f_ssgwc0p9v125c
    STQ_AOI21_1                  um28nchllogl35hsl140f_ssgwc0p9v125c
    STQ_AOI21_1P5                um28nchllogl35hsl140f_ssgwc0p9v125c
    STQ_AOI21_2                  um28nchllogl35hsl140f_ssgwc0p9v125c
    STQ_AOI21_4                  um28nchllogl35hsl140f_ssgwc0p9v125c
    STQ_AOI21_6                  um28nchllogl35hsl140f_ssgwc0p9v125c
    STQ_AOI21_8                  um28nchllogl35hsl140f_ssgwc0p9v125c
    STQ_AOI22_0P75               um28nchllogl35hsl140f_ssgwc0p9v125c
    STQ_AOI22_1                  um28nchllogl35hsl140f_ssgwc0p9v125c
    STQ_AOI22_5                  um28nchllogl35hsl140f_ssgwc0p9v125c
    STQ_AOI22_6                  um28nchllogl35hsl140f_ssgwc0p9v125c
    STQ_AOI22_8                  um28nchllogl35hsl140f_ssgwc0p9v125c
    STQ_AOI31_0P5                um28nchllogl35hsl140f_ssgwc0p9v125c
    STQ_AOI31_4                  um28nchllogl35hsl140f_ssgwc0p9v125c
    STQ_AOI31_8                  um28nchllogl35hsl140f_ssgwc0p9v125c
    STQ_AOI211_0P75              um28nchllogl35hsl140f_ssgwc0p9v125c
    STQ_AOI211_1P5               um28nchllogl35hsl140f_ssgwc0p9v125c
    STQ_AOI211_3                 um28nchllogl35hsl140f_ssgwc0p9v125c
    STQ_AOI211_4                 um28nchllogl35hsl140f_ssgwc0p9v125c
    STQ_AOI211_8                 um28nchllogl35hsl140f_ssgwc0p9v125c
    STQ_AOI211_G_2               um28nchllogl35hsl140f_ssgwc0p9v125c
    STQ_AOI211_G_4               um28nchllogl35hsl140f_ssgwc0p9v125c
    STQ_BUF_1                    um28nchllogl35hsl140f_ssgwc0p9v125c
    STQ_BUF_1P5                  um28nchllogl35hsl140f_ssgwc0p9v125c
    STQ_BUF_2                    um28nchllogl35hsl140f_ssgwc0p9v125c
    STQ_BUF_3                    um28nchllogl35hsl140f_ssgwc0p9v125c
    STQ_BUF_5                    um28nchllogl35hsl140f_ssgwc0p9v125c
    STQ_BUF_15                   um28nchllogl35hsl140f_ssgwc0p9v125c
    STQ_BUF_D_2                  um28nchllogl35hsl140f_ssgwc0p9v125c
    STQ_BUF_D_8                  um28nchllogl35hsl140f_ssgwc0p9v125c
    STQ_BUF_S_3                  um28nchllogl35hsl140f_ssgwc0p9v125c
    STQ_BUF_S_4                  um28nchllogl35hsl140f_ssgwc0p9v125c
    STQ_BUF_S_6                  um28nchllogl35hsl140f_ssgwc0p9v125c
    STQ_BUF_S_8                  um28nchllogl35hsl140f_ssgwc0p9v125c
    STQ_BUF_S_10                 um28nchllogl35hsl140f_ssgwc0p9v125c
    STQ_BUF_S_12                 um28nchllogl35hsl140f_ssgwc0p9v125c
    STQ_BUF_S_18                 um28nchllogl35hsl140f_ssgwc0p9v125c
    STQ_BUF_S_20                 um28nchllogl35hsl140f_ssgwc0p9v125c
    STQ_BUF_S_32                 um28nchllogl35hsl140f_ssgwc0p9v125c
    STQ_BUF_U_1                  um28nchllogl35hsl140f_ssgwc0p9v125c
    STQ_EN2_3                    um28nchllogl35hsl140f_ssgwc0p9v125c
    STQ_EN2_4                    um28nchllogl35hsl140f_ssgwc0p9v125c
    STQ_EN2_6                    um28nchllogl35hsl140f_ssgwc0p9v125c
    STQ_EN2_8                    um28nchllogl35hsl140f_ssgwc0p9v125c
    STQ_EN2_S_1                  um28nchllogl35hsl140f_ssgwc0p9v125c
    STQ_EN2_S_2                  um28nchllogl35hsl140f_ssgwc0p9v125c
    STQ_EN2_S_6                  um28nchllogl35hsl140f_ssgwc0p9v125c
    STQ_EN3_1                    um28nchllogl35hsl140f_ssgwc0p9v125c
    STQ_EN3_2                    um28nchllogl35hsl140f_ssgwc0p9v125c
    STQ_EN3_3                    um28nchllogl35hsl140f_ssgwc0p9v125c
    STQ_EN3_6                    um28nchllogl35hsl140f_ssgwc0p9v125c
    STQ_EO2_1                    um28nchllogl35hsl140f_ssgwc0p9v125c
    STQ_EO2_2                    um28nchllogl35hsl140f_ssgwc0p9v125c
    STQ_EO2_3                    um28nchllogl35hsl140f_ssgwc0p9v125c
    STQ_EO2_4                    um28nchllogl35hsl140f_ssgwc0p9v125c
    STQ_EO2_6                    um28nchllogl35hsl140f_ssgwc0p9v125c
    STQ_EO2_S_0P5                um28nchllogl35hsl140f_ssgwc0p9v125c
    STQ_EO2_S_2                  um28nchllogl35hsl140f_ssgwc0p9v125c
    STQ_EO2_S_4                  um28nchllogl35hsl140f_ssgwc0p9v125c
    STQ_EO2_S_8                  um28nchllogl35hsl140f_ssgwc0p9v125c
    STQ_EO3_0P5                  um28nchllogl35hsl140f_ssgwc0p9v125c
    STQ_EO3_1                    um28nchllogl35hsl140f_ssgwc0p9v125c
    STQ_EO3_2                    um28nchllogl35hsl140f_ssgwc0p9v125c
    STQ_EO3_3                    um28nchllogl35hsl140f_ssgwc0p9v125c
    STQ_EO3_4                    um28nchllogl35hsl140f_ssgwc0p9v125c
    STQ_INV_1P5                  um28nchllogl35hsl140f_ssgwc0p9v125c
    STQ_INV_2                    um28nchllogl35hsl140f_ssgwc0p9v125c
    STQ_INV_2P5                  um28nchllogl35hsl140f_ssgwc0p9v125c
    STQ_INV_3                    um28nchllogl35hsl140f_ssgwc0p9v125c
    STQ_INV_3P5                  um28nchllogl35hsl140f_ssgwc0p9v125c
    STQ_INV_4                    um28nchllogl35hsl140f_ssgwc0p9v125c
    STQ_INV_6                    um28nchllogl35hsl140f_ssgwc0p9v125c
    STQ_INV_6P5                  um28nchllogl35hsl140f_ssgwc0p9v125c
    STQ_INV_7P5                  um28nchllogl35hsl140f_ssgwc0p9v125c
    STQ_INV_11                   um28nchllogl35hsl140f_ssgwc0p9v125c
    STQ_INV_12                   um28nchllogl35hsl140f_ssgwc0p9v125c
    STQ_INV_15                   um28nchllogl35hsl140f_ssgwc0p9v125c
    STQ_INV_18                   um28nchllogl35hsl140f_ssgwc0p9v125c
    STQ_INV_S_0P65               um28nchllogl35hsl140f_ssgwc0p9v125c
    STQ_INV_S_1                  um28nchllogl35hsl140f_ssgwc0p9v125c
    STQ_INV_S_1P25               um28nchllogl35hsl140f_ssgwc0p9v125c
    STQ_INV_S_5                  um28nchllogl35hsl140f_ssgwc0p9v125c
    STQ_INV_S_9                  um28nchllogl35hsl140f_ssgwc0p9v125c
    STQ_INV_S_10                 um28nchllogl35hsl140f_ssgwc0p9v125c
    STQ_INV_S_14                 um28nchllogl35hsl140f_ssgwc0p9v125c
    STQ_INV_S_24                 um28nchllogl35hsl140f_ssgwc0p9v125c
    STQ_LDPQ_1                   um28nchllogl35hsl140f_ssgwc0p9v125c
    STQ_MAJI3_1                  um28nchllogl35hsl140f_ssgwc0p9v125c
    STQ_MUX2_1                   um28nchllogl35hsl140f_ssgwc0p9v125c
    STQ_MUXI2_MG_0P75            um28nchllogl35hsl140f_ssgwc0p9v125c
    STQ_MUXI2_MG_1P5             um28nchllogl35hsl140f_ssgwc0p9v125c
    STQ_MUXI2_S_4                um28nchllogl35hsl140f_ssgwc0p9v125c
    STQ_ND2B_1                   um28nchllogl35hsl140f_ssgwc0p9v125c
    STQ_ND2B_2                   um28nchllogl35hsl140f_ssgwc0p9v125c
    STQ_ND2B_3                   um28nchllogl35hsl140f_ssgwc0p9v125c
    STQ_ND2B_4                   um28nchllogl35hsl140f_ssgwc0p9v125c
    STQ_ND2B_8                   um28nchllogl35hsl140f_ssgwc0p9v125c
    STQ_ND2B_10                  um28nchllogl35hsl140f_ssgwc0p9v125c
    STQ_ND2B_16                  um28nchllogl35hsl140f_ssgwc0p9v125c
    STQ_ND2B_MM_1                um28nchllogl35hsl140f_ssgwc0p9v125c
    STQ_ND2B_V1DG_1              um28nchllogl35hsl140f_ssgwc0p9v125c
    STQ_ND2B_V1DG_2              um28nchllogl35hsl140f_ssgwc0p9v125c
    STQ_ND2B_V1DG_4              um28nchllogl35hsl140f_ssgwc0p9v125c
    STQ_ND2B_V1DG_8              um28nchllogl35hsl140f_ssgwc0p9v125c
    STQ_ND2B_V1DG_16             um28nchllogl35hsl140f_ssgwc0p9v125c
    STQ_ND2_1P5                  um28nchllogl35hsl140f_ssgwc0p9v125c
    STQ_ND2_5                    um28nchllogl35hsl140f_ssgwc0p9v125c
    STQ_ND2_6                    um28nchllogl35hsl140f_ssgwc0p9v125c
    STQ_ND2_7                    um28nchllogl35hsl140f_ssgwc0p9v125c
    STQ_ND2_8                    um28nchllogl35hsl140f_ssgwc0p9v125c
    STQ_ND2_9                    um28nchllogl35hsl140f_ssgwc0p9v125c
    STQ_ND2_10                   um28nchllogl35hsl140f_ssgwc0p9v125c
    STQ_ND2_12                   um28nchllogl35hsl140f_ssgwc0p9v125c
    STQ_ND2_16                   um28nchllogl35hsl140f_ssgwc0p9v125c
    STQ_ND2_24                   um28nchllogl35hsl140f_ssgwc0p9v125c
    STQ_ND2_G_1                  um28nchllogl35hsl140f_ssgwc0p9v125c
    STQ_ND2_G_2                  um28nchllogl35hsl140f_ssgwc0p9v125c
    STQ_ND2_G_3                  um28nchllogl35hsl140f_ssgwc0p9v125c
    STQ_ND2_G_4                  um28nchllogl35hsl140f_ssgwc0p9v125c
    STQ_ND2_S_0P8                um28nchllogl35hsl140f_ssgwc0p9v125c
    STQ_ND2_S_1                  um28nchllogl35hsl140f_ssgwc0p9v125c
    STQ_ND2_S_1P5                um28nchllogl35hsl140f_ssgwc0p9v125c
    STQ_ND2_S_2                  um28nchllogl35hsl140f_ssgwc0p9v125c
    STQ_ND2_S_3                  um28nchllogl35hsl140f_ssgwc0p9v125c
    STQ_ND2_S_5                  um28nchllogl35hsl140f_ssgwc0p9v125c
    STQ_ND2_S_6                  um28nchllogl35hsl140f_ssgwc0p9v125c
    STQ_ND2_S_7                  um28nchllogl35hsl140f_ssgwc0p9v125c
    STQ_ND2_S_10                 um28nchllogl35hsl140f_ssgwc0p9v125c
    STQ_ND2_S_16                 um28nchllogl35hsl140f_ssgwc0p9v125c
    STQ_ND3B_0P5                 um28nchllogl35hsl140f_ssgwc0p9v125c
    STQ_ND3B_4                   um28nchllogl35hsl140f_ssgwc0p9v125c
    STQ_ND3_0P5                  um28nchllogl35hsl140f_ssgwc0p9v125c
    STQ_ND3_1                    um28nchllogl35hsl140f_ssgwc0p9v125c
    STQ_ND3_2                    um28nchllogl35hsl140f_ssgwc0p9v125c
    STQ_ND3_3                    um28nchllogl35hsl140f_ssgwc0p9v125c
    STQ_ND3_4                    um28nchllogl35hsl140f_ssgwc0p9v125c
    STQ_ND3_5                    um28nchllogl35hsl140f_ssgwc0p9v125c
    STQ_ND3_6                    um28nchllogl35hsl140f_ssgwc0p9v125c
    STQ_ND3_8                    um28nchllogl35hsl140f_ssgwc0p9v125c
    STQ_ND3_16                   um28nchllogl35hsl140f_ssgwc0p9v125c
    STQ_ND4B_1                   um28nchllogl35hsl140f_ssgwc0p9v125c
    STQ_ND4_1P5                  um28nchllogl35hsl140f_ssgwc0p9v125c
    STQ_ND4_2                    um28nchllogl35hsl140f_ssgwc0p9v125c
    STQ_ND4_4                    um28nchllogl35hsl140f_ssgwc0p9v125c
    STQ_ND4_8                    um28nchllogl35hsl140f_ssgwc0p9v125c
    STQ_ND4_MM_1                 um28nchllogl35hsl140f_ssgwc0p9v125c
    STQ_ND4_MM_8                 um28nchllogl35hsl140f_ssgwc0p9v125c
    STQ_NR2B_1                   um28nchllogl35hsl140f_ssgwc0p9v125c
    STQ_NR2B_2                   um28nchllogl35hsl140f_ssgwc0p9v125c
    STQ_NR2B_3                   um28nchllogl35hsl140f_ssgwc0p9v125c
    STQ_NR2B_4                   um28nchllogl35hsl140f_ssgwc0p9v125c
    STQ_NR2B_6                   um28nchllogl35hsl140f_ssgwc0p9v125c
    STQ_NR2B_8                   um28nchllogl35hsl140f_ssgwc0p9v125c
    STQ_NR2B_16                  um28nchllogl35hsl140f_ssgwc0p9v125c
    STQ_NR2B_V1DG_4              um28nchllogl35hsl140f_ssgwc0p9v125c
    STQ_NR2_1                    um28nchllogl35hsl140f_ssgwc0p9v125c
    STQ_NR2_1P5                  um28nchllogl35hsl140f_ssgwc0p9v125c
    STQ_NR2_2                    um28nchllogl35hsl140f_ssgwc0p9v125c
    STQ_NR2_3                    um28nchllogl35hsl140f_ssgwc0p9v125c
    STQ_NR2_6                    um28nchllogl35hsl140f_ssgwc0p9v125c
    STQ_NR2_8                    um28nchllogl35hsl140f_ssgwc0p9v125c
    STQ_NR2_G_0P5                um28nchllogl35hsl140f_ssgwc0p9v125c
    STQ_NR2_G_0P8                um28nchllogl35hsl140f_ssgwc0p9v125c
    STQ_NR2_G_2P5                um28nchllogl35hsl140f_ssgwc0p9v125c
    STQ_NR2_G_3P5                um28nchllogl35hsl140f_ssgwc0p9v125c
    STQ_NR2_G_4                  um28nchllogl35hsl140f_ssgwc0p9v125c
    STQ_NR2_G_5                  um28nchllogl35hsl140f_ssgwc0p9v125c
    STQ_NR2_G_6                  um28nchllogl35hsl140f_ssgwc0p9v125c
    STQ_NR2_G_12                 um28nchllogl35hsl140f_ssgwc0p9v125c
    STQ_NR2_G_16                 um28nchllogl35hsl140f_ssgwc0p9v125c
    STQ_NR2_S_1P5                um28nchllogl35hsl140f_ssgwc0p9v125c
    STQ_NR2_S_20                 um28nchllogl35hsl140f_ssgwc0p9v125c
    STQ_NR3B_MG_0P75             um28nchllogl35hsl140f_ssgwc0p9v125c
    STQ_NR3B_MG_3                um28nchllogl35hsl140f_ssgwc0p9v125c
    STQ_NR3_G_0P65               um28nchllogl35hsl140f_ssgwc0p9v125c
    STQ_NR3_G_1                  um28nchllogl35hsl140f_ssgwc0p9v125c
    STQ_NR3_G_1P5                um28nchllogl35hsl140f_ssgwc0p9v125c
    STQ_NR3_G_2                  um28nchllogl35hsl140f_ssgwc0p9v125c
    STQ_NR3_G_3                  um28nchllogl35hsl140f_ssgwc0p9v125c
    STQ_NR3_G_4                  um28nchllogl35hsl140f_ssgwc0p9v125c
    STQ_NR3_G_5                  um28nchllogl35hsl140f_ssgwc0p9v125c
    STQ_NR3_G_8                  um28nchllogl35hsl140f_ssgwc0p9v125c
    STQ_NR3_G_12                 um28nchllogl35hsl140f_ssgwc0p9v125c
    STQ_NR3_G_16                 um28nchllogl35hsl140f_ssgwc0p9v125c
    STQ_NR4BB_4                  um28nchllogl35hsl140f_ssgwc0p9v125c
    STQ_NR4B_1                   um28nchllogl35hsl140f_ssgwc0p9v125c
    STQ_NR4_0P5                  um28nchllogl35hsl140f_ssgwc0p9v125c
    STQ_NR4_1                    um28nchllogl35hsl140f_ssgwc0p9v125c
    STQ_NR4_2                    um28nchllogl35hsl140f_ssgwc0p9v125c
    STQ_NR4_3                    um28nchllogl35hsl140f_ssgwc0p9v125c
    STQ_NR4_4                    um28nchllogl35hsl140f_ssgwc0p9v125c
    STQ_NR4_6                    um28nchllogl35hsl140f_ssgwc0p9v125c
    STQ_NR4_8                    um28nchllogl35hsl140f_ssgwc0p9v125c
    STQ_OA2BB2_2                 um28nchllogl35hsl140f_ssgwc0p9v125c
    STQ_OA21B_1                  um28nchllogl35hsl140f_ssgwc0p9v125c
    STQ_OA21B_2                  um28nchllogl35hsl140f_ssgwc0p9v125c
    STQ_OA21B_4                  um28nchllogl35hsl140f_ssgwc0p9v125c
    STQ_OA21B_8                  um28nchllogl35hsl140f_ssgwc0p9v125c
    STQ_OAI21B_0P5               um28nchllogl35hsl140f_ssgwc0p9v125c
    STQ_OAI21B_1                 um28nchllogl35hsl140f_ssgwc0p9v125c
    STQ_OAI21_0P5                um28nchllogl35hsl140f_ssgwc0p9v125c
    STQ_OAI21_0P75               um28nchllogl35hsl140f_ssgwc0p9v125c
    STQ_OAI21_1                  um28nchllogl35hsl140f_ssgwc0p9v125c
    STQ_OAI21_1P5                um28nchllogl35hsl140f_ssgwc0p9v125c
    STQ_OAI21_2                  um28nchllogl35hsl140f_ssgwc0p9v125c
    STQ_OAI21_3                  um28nchllogl35hsl140f_ssgwc0p9v125c
    STQ_OAI21_4                  um28nchllogl35hsl140f_ssgwc0p9v125c
    STQ_OAI21_6                  um28nchllogl35hsl140f_ssgwc0p9v125c
    STQ_OAI22_0P5                um28nchllogl35hsl140f_ssgwc0p9v125c
    STQ_OAI22_2                  um28nchllogl35hsl140f_ssgwc0p9v125c
    STQ_OAI22_3                  um28nchllogl35hsl140f_ssgwc0p9v125c
    STQ_OAI22_4                  um28nchllogl35hsl140f_ssgwc0p9v125c
    STQ_OAI22_5                  um28nchllogl35hsl140f_ssgwc0p9v125c
    STQ_OAI22_8                  um28nchllogl35hsl140f_ssgwc0p9v125c
    STQ_OAI22_12                 um28nchllogl35hsl140f_ssgwc0p9v125c
    STQ_OAI22_V3S_1              um28nchllogl35hsl140f_ssgwc0p9v125c
    STQ_OAI31_G_0P5              um28nchllogl35hsl140f_ssgwc0p9v125c
    STQ_OAI31_G_2                um28nchllogl35hsl140f_ssgwc0p9v125c
    STQ_OAI31_G_4                um28nchllogl35hsl140f_ssgwc0p9v125c
    STQ_OAI211_0P5               um28nchllogl35hsl140f_ssgwc0p9v125c
    STQ_OAI211_2                 um28nchllogl35hsl140f_ssgwc0p9v125c
    STQ_OAI211_4                 um28nchllogl35hsl140f_ssgwc0p9v125c
    STQ_OAI211_8                 um28nchllogl35hsl140f_ssgwc0p9v125c
    STQ_OAOI211_0P5              um28nchllogl35hsl140f_ssgwc0p9v125c
    STQ_OAOI211_1                um28nchllogl35hsl140f_ssgwc0p9v125c
    STQ_OAOI211_3                um28nchllogl35hsl140f_ssgwc0p9v125c
    STQ_OAOI211_4                um28nchllogl35hsl140f_ssgwc0p9v125c
    STQ_OAOI211_6                um28nchllogl35hsl140f_ssgwc0p9v125c
    STQ_OAOI211_8                um28nchllogl35hsl140f_ssgwc0p9v125c
    STQ_OR2_1                    um28nchllogl35hsl140f_ssgwc0p9v125c
    STQ_OR2_2                    um28nchllogl35hsl140f_ssgwc0p9v125c
    STQ_OR2_2P5                  um28nchllogl35hsl140f_ssgwc0p9v125c
    STQ_OR2_3                    um28nchllogl35hsl140f_ssgwc0p9v125c
    STQ_OR2_4                    um28nchllogl35hsl140f_ssgwc0p9v125c
    STQ_OR2_7                    um28nchllogl35hsl140f_ssgwc0p9v125c
    STQ_OR2_12                   um28nchllogl35hsl140f_ssgwc0p9v125c
    STQ_OR2_16                   um28nchllogl35hsl140f_ssgwc0p9v125c
    STQ_OR2_20                   um28nchllogl35hsl140f_ssgwc0p9v125c
    STQ_OR3B_1                   um28nchllogl35hsl140f_ssgwc0p9v125c
    STQ_OR3B_2                   um28nchllogl35hsl140f_ssgwc0p9v125c
    STQ_OR3B_4                   um28nchllogl35hsl140f_ssgwc0p9v125c
    STQ_OR3B_8                   um28nchllogl35hsl140f_ssgwc0p9v125c
    STQ_OR3_3                    um28nchllogl35hsl140f_ssgwc0p9v125c
    STQ_OR3_4                    um28nchllogl35hsl140f_ssgwc0p9v125c
    STQ_OR4B_1                   um28nchllogl35hsl140f_ssgwc0p9v125c
    STQ_OR4B_4                   um28nchllogl35hsl140f_ssgwc0p9v125c
    STQ_OR4_4                    um28nchllogl35hsl140f_ssgwc0p9v125c
    STQ_TIE0_1                   um28nchllogl35hsl140f_ssgwc0p9v125c
1
