 
****************************************
Report : hierarchy
        -full
Design : UNITY_ENCODER
Version: Q-2019.12-SP5-5
Date   : Wed Apr 19 15:04:07 2023
****************************************

UNITY_ENCODER
    STQ_EN2_S_1            um28nchllogl35hsl140f_ssgwc0p9v125c
    STQ_EN2_S_2            um28nchllogl35hsl140f_ssgwc0p9v125c
    STQ_EN3_1              um28nchllogl35hsl140f_ssgwc0p9v125c
    STQ_EN3_3              um28nchllogl35hsl140f_ssgwc0p9v125c
    STQ_EO2_1              um28nchllogl35hsl140f_ssgwc0p9v125c
    STQ_EO2_3              um28nchllogl35hsl140f_ssgwc0p9v125c
    STQ_EO2_S_0P5          um28nchllogl35hsl140f_ssgwc0p9v125c
    STQ_EO2_S_2            um28nchllogl35hsl140f_ssgwc0p9v125c
    STQ_EO3_0P5            um28nchllogl35hsl140f_ssgwc0p9v125c
    STQ_EO3_1              um28nchllogl35hsl140f_ssgwc0p9v125c
    STQ_EO3_2              um28nchllogl35hsl140f_ssgwc0p9v125c
    STQ_INV_S_0P65         um28nchllogl35hsl140f_ssgwc0p9v125c
1
